빌드 시작: 2016-07-25 오후 2:13:44
     1>2 노드의 "D:\1425 함시환\Shooting_Game_Project\Shooting_Game_Project.vcxproj" 프로젝트(Build 대상)입니다.
     1>ClCompile:
         C:\Program Files (x86)\Microsoft Visual Studio 12.0\VC\bin\CL.exe /c /ZI /nologo /W3 /WX- /Od /Oy- /D WIN32 /D _DEBUG /D _CONSOLE /D _LIB /D _UNICODE /D UNICODE /Gm /EHsc /RTC1 /MDd /GS /fp:precise /Zc:wchar_t /Zc:forScope /Fo"Debug\\" /Fd"Debug\vc120.pdb" /Gd /TP /analyze- /errorReport:prompt main.cpp
         main.cpp
     1>d:\1425 함시환\shooting_game_project\main.cpp(37): warning C4244: '인수' : 'int'에서 'float'(으)로 변환하면서 데이터가 손실될 수 있습니다.
     1>d:\1425 함시환\shooting_game_project\main.cpp(47): warning C4258: 'i' : for 루프의 정의가 무시되고 바깥쪽 범위의 정의가 사용됩니다.
                 d:\1425 함시환\shooting_game_project\main.cpp(42) : 'i' 정의가 무시됩니다.
                 d:\1425 함시환\shooting_game_project\main.cpp(31) : 'i' 정의가 사용됩니다.
     1>d:\1425 함시환\shooting_game_project\main.cpp(48): warning C4258: 'i' : for 루프의 정의가 무시되고 바깥쪽 범위의 정의가 사용됩니다.
                 d:\1425 함시환\shooting_game_project\main.cpp(42) : 'i' 정의가 무시됩니다.
                 d:\1425 함시환\shooting_game_project\main.cpp(31) : 'i' 정의가 사용됩니다.
     1>d:\1425 함시환\shooting_game_project\main.cpp(54): warning C4244: '인수' : 'int'에서 'float'(으)로 변환하면서 데이터가 손실될 수 있습니다.
     1>d:\1425 함시환\shooting_game_project\main.cpp(58): warning C4244: '인수' : 'int'에서 'float'(으)로 변환하면서 데이터가 손실될 수 있습니다.
     1>d:\1425 함시환\shooting_game_project\main.cpp(91): warning C4244: '=' : 'float'에서 'int'(으)로 변환하면서 데이터가 손실될 수 있습니다.
     1>d:\1425 함시환\shooting_game_project\main.cpp(105): warning C4244: '인수' : 'float'에서 'int'(으)로 변환하면서 데이터가 손실될 수 있습니다.
       Link:
         C:\Program Files (x86)\Microsoft Visual Studio 12.0\VC\bin\link.exe /ERRORREPORT:PROMPT /OUT:"D:\1425 함시환\Shooting_Game_Project\Debug\Shooting_Game_Project.exe" /INCREMENTAL /NOLOGO kernel32.lib user32.lib gdi32.lib winspool.lib comdlg32.lib advapi32.lib shell32.lib ole32.lib oleaut32.lib uuid.lib odbc32.lib odbccp32.lib /MANIFEST /MANIFESTUAC:"level='asInvoker' uiAccess='false'" /manifest:embed /DEBUG /PDB:"D:\1425 함시환\Shooting_Game_Project\Debug\Shooting_Game_Project.pdb" /SUBSYSTEM:CONSOLE /TLBID:1 /DYNAMICBASE /NXCOMPAT /IMPLIB:"D:\1425 함시환\Shooting_Game_Project\Debug\Shooting_Game_Project.lib" /MACHINE:X86 Debug\Bullet.obj
         Debug\main.obj
         Debug\Screen.obj
         Shooting_Game_Project.vcxproj -> D:\1425 함시환\Shooting_Game_Project\Debug\Shooting_Game_Project.exe
     1>"D:\1425 함시환\Shooting_Game_Project\Shooting_Game_Project.vcxproj" 프로젝트를 빌드했습니다(Build 대상).

빌드했습니다.

경과 시간: 00:00:00.42
